This file contains any messages produced by compilers while
running configure, to aid debugging if configure makes a mistake.

It was created by configure, which was
generated by GNU Autoconf 2.59.  Invocation command line was

  $ ./configure 

## --------- ##
## Platform. ##
## --------- ##

hostname = shuttle
uname -m = i686
uname -r = 2.6.18-1.2798.fc6
uname -s = Linux
uname -v = #1 SMP Mon Oct 16 14:54:20 EDT 2006

/usr/bin/uname -p = unknown
/bin/uname -X     = unknown

/bin/arch              = i686
/usr/bin/arch -k       = unknown
/usr/convex/getsysinfo = unknown
hostinfo               = unknown
/bin/machine           = unknown
/usr/bin/oslevel       = unknown
/bin/universe          = unknown

PATH: /usr/kerberos/sbin
PATH: /usr/kerberos/bin
PATH: /usr/local/sbin
PATH: /usr/local/bin
PATH: /sbin
PATH: /bin
PATH: /usr/sbin
PATH: /usr/bin
PATH: /opt/slickedit/bin
PATH: /root/bin
PATH: /opt/slickedit/bin


## ----------- ##
## Core tests. ##
## ----------- ##

configure:1304: checking for a BSD-compatible install
configure:1359: result: /usr/bin/install -c
configure:1370: checking whether build environment is sane
configure:1413: result: yes
configure:1478: checking for gawk
configure:1494: found /bin/gawk
configure:1504: result: gawk
configure:1514: checking whether make sets $(MAKE)
configure:1534: result: yes
configure:1748: checking for gcc
configure:1764: found /usr/bin/gcc
configure:1774: result: gcc
configure:2018: checking for C compiler version
configure:2021: gcc --version </dev/null >&5
gcc (GCC) 4.1.1 20061011 (Red Hat 4.1.1-30)
Copyright (C) 2006 Free Software Foundation, Inc.
This is free software; see the source for copying conditions.  There is NO
warranty; not even for MERCHANTABILITY or FITNESS FOR A PARTICULAR PURPOSE.

configure:2024: $? = 0
configure:2026: gcc -v </dev/null >&5
Using built-in specs.
Target: i386-redhat-linux
Configured with: ../configure --prefix=/usr --mandir=/usr/share/man --infodir=/usr/share/info --enable-shared --enable-threads=posix --enable-checking=release --with-system-zlib --enable-__cxa_atexit --disable-libunwind-exceptions --enable-libgcj-multifile --enable-languages=c,c++,objc,obj-c++,java,fortran,ada --enable-java-awt=gtk --disable-dssi --enable-plugin --with-java-home=/usr/lib/jvm/java-1.4.2-gcj-1.4.2.0/jre --with-cpu=generic --host=i386-redhat-linux
Thread model: posix
gcc version 4.1.1 20061011 (Red Hat 4.1.1-30)
configure:2029: $? = 0
configure:2031: gcc -V </dev/null >&5
gcc: '-V' option must have argument
configure:2034: $? = 1
configure:2057: checking for C compiler default output file name
configure:2060: gcc    conftest.c  >&5
configure:2063: $? = 0
configure:2109: result: a.out
configure:2114: checking whether the C compiler works
configure:2120: ./a.out
configure:2123: $? = 0
configure:2140: result: yes
configure:2147: checking whether we are cross compiling
configure:2149: result: no
configure:2152: checking for suffix of executables
configure:2154: gcc -o conftest    conftest.c  >&5
configure:2157: $? = 0
configure:2182: result: 
configure:2188: checking for suffix of object files
configure:2209: gcc -c   conftest.c >&5
configure:2212: $? = 0
configure:2234: result: o
configure:2238: checking whether we are using the GNU C compiler
configure:2262: gcc -c   conftest.c >&5
configure:2268: $? = 0
configure:2272: test -z 
			 || test ! -s conftest.err
configure:2275: $? = 0
configure:2278: test -s conftest.o
configure:2281: $? = 0
configure:2294: result: yes
configure:2300: checking whether gcc accepts -g
configure:2321: gcc -c -g  conftest.c >&5
configure:2327: $? = 0
configure:2331: test -z 
			 || test ! -s conftest.err
configure:2334: $? = 0
configure:2337: test -s conftest.o
configure:2340: $? = 0
configure:2351: result: yes
configure:2368: checking for gcc option to accept ANSI C
configure:2438: gcc  -c -g -O2  conftest.c >&5
configure:2444: $? = 0
configure:2448: test -z 
			 || test ! -s conftest.err
configure:2451: $? = 0
configure:2454: test -s conftest.o
configure:2457: $? = 0
configure:2475: result: none needed
configure:2493: gcc -c -g -O2  conftest.c >&5
conftest.c:2: error: expected '=', ',', ';', 'asm' or '__attribute__' before 'me'
configure:2499: $? = 1
configure: failed program was:
| #ifndef __cplusplus
|   choke me
| #endif
configure:2643: checking for style of include used by make
configure:2671: result: GNU
configure:2699: checking dependency style of gcc
configure:2789: result: gcc3
configure:2858: checking for g++
configure:2874: found /usr/bin/g++
configure:2884: result: g++
configure:2900: checking for C++ compiler version
configure:2903: g++ --version </dev/null >&5
g++ (GCC) 4.1.1 20061011 (Red Hat 4.1.1-30)
Copyright (C) 2006 Free Software Foundation, Inc.
This is free software; see the source for copying conditions.  There is NO
warranty; not even for MERCHANTABILITY or FITNESS FOR A PARTICULAR PURPOSE.

configure:2906: $? = 0
configure:2908: g++ -v </dev/null >&5
Using built-in specs.
Target: i386-redhat-linux
Configured with: ../configure --prefix=/usr --mandir=/usr/share/man --infodir=/usr/share/info --enable-shared --enable-threads=posix --enable-checking=release --with-system-zlib --enable-__cxa_atexit --disable-libunwind-exceptions --enable-libgcj-multifile --enable-languages=c,c++,objc,obj-c++,java,fortran,ada --enable-java-awt=gtk --disable-dssi --enable-plugin --with-java-home=/usr/lib/jvm/java-1.4.2-gcj-1.4.2.0/jre --with-cpu=generic --host=i386-redhat-linux
Thread model: posix
gcc version 4.1.1 20061011 (Red Hat 4.1.1-30)
configure:2911: $? = 0
configure:2913: g++ -V </dev/null >&5
g++: '-V' option must have argument
configure:2916: $? = 1
configure:2919: checking whether we are using the GNU C++ compiler
configure:2943: g++ -c   conftest.cc >&5
configure:2949: $? = 0
configure:2953: test -z 
			 || test ! -s conftest.err
configure:2956: $? = 0
configure:2959: test -s conftest.o
configure:2962: $? = 0
configure:2975: result: yes
configure:2981: checking whether g++ accepts -g
configure:3002: g++ -c -g  conftest.cc >&5
configure:3008: $? = 0
configure:3012: test -z 
			 || test ! -s conftest.err
configure:3015: $? = 0
configure:3018: test -s conftest.o
configure:3021: $? = 0
configure:3032: result: yes
configure:3074: g++ -c -g -O2  conftest.cc >&5
configure:3080: $? = 0
configure:3084: test -z 
			 || test ! -s conftest.err
configure:3087: $? = 0
configure:3090: test -s conftest.o
configure:3093: $? = 0
configure:3119: g++ -c -g -O2  conftest.cc >&5
conftest.cc: In function 'int main()':
conftest.cc:15: error: 'exit' was not declared in this scope
configure:3125: $? = 1
configure: failed program was:
| /* confdefs.h.  */
| 
| #define PACKAGE_NAME ""
| #define PACKAGE_TARNAME ""
| #define PACKAGE_VERSION ""
| #define PACKAGE_STRING ""
| #define PACKAGE_BUGREPORT ""
| #define PACKAGE "ga_sandbox"
| #define VERSION "1.0.4"
| /* end confdefs.h.  */
| 
| int
| main ()
| {
| exit (42);
|   ;
|   return 0;
| }
configure:3074: g++ -c -g -O2  conftest.cc >&5
configure:3080: $? = 0
configure:3084: test -z 
			 || test ! -s conftest.err
configure:3087: $? = 0
configure:3090: test -s conftest.o
configure:3093: $? = 0
configure:3119: g++ -c -g -O2  conftest.cc >&5
configure:3125: $? = 0
configure:3129: test -z 
			 || test ! -s conftest.err
configure:3132: $? = 0
configure:3135: test -s conftest.o
configure:3138: $? = 0
configure:3163: checking dependency style of g++
configure:3253: result: gcc3
configure:3311: checking for ranlib
configure:3327: found /usr/bin/ranlib
configure:3338: result: ranlib
configure:3360: checking for the fltk UI library
configure:3368: result: found version 1.1.7
configure:3376: checking for /usr/local/lib/libantlr.a
configure:3391: result: yes
configure:3571: creating ./config.status

## ---------------------- ##
## Running config.status. ##
## ---------------------- ##

This file was extended by config.status, which was
generated by GNU Autoconf 2.59.  Invocation command line was

  CONFIG_FILES    = 
  CONFIG_HEADERS  = 
  CONFIG_LINKS    = 
  CONFIG_COMMANDS = 
  $ ./config.status 

on shuttle

config.status:786: creating Makefile
config.status:786: creating vs.net/Makefile
config.status:786: creating vs2005/Makefile
config.status:786: creating qhull-2003.1/Makefile
config.status:786: creating qhull-2003.1/src/Makefile
config.status:786: creating qhull-2003.1/html/Makefile
config.status:786: creating qhull-2003.1/eg/Makefile
config.status:786: creating qhull-2003.1/vs.net/Makefile
config.status:786: creating libgasandbox/Makefile
config.status:786: creating libgasandbox_no_opt/Makefile
config.status:786: creating chap1/Makefile
config.status:786: creating chap1/ex1/Makefile
config.status:786: creating chap2/Makefile
config.status:786: creating chap2/ex1/Makefile
config.status:786: creating chap2/ex2/Makefile
config.status:786: creating chap2/ex3/Makefile
config.status:786: creating chap3/Makefile
config.status:786: creating chap3/ex1/Makefile
config.status:786: creating chap3/ex2/Makefile
config.status:786: creating chap3/ex3/Makefile
config.status:786: creating chap3/ex4/Makefile
config.status:786: creating chap4/Makefile
config.status:786: creating chap4/ex1/Makefile
config.status:786: creating chap4/ex2/Makefile
config.status:786: creating chap4/ex3/Makefile
config.status:786: creating chap5/Makefile
config.status:786: creating chap5/ex1/Makefile
config.status:786: creating chap5/ex2/Makefile
config.status:786: creating chap5/ex3/Makefile
config.status:786: creating chap6/Makefile
config.status:786: creating chap6/ex1/Makefile
config.status:786: creating chap6/ex2/Makefile
config.status:786: creating chap7/Makefile
config.status:786: creating chap7/ex1/Makefile
config.status:786: creating chap7/ex2/Makefile
config.status:786: creating chap7/ex3/Makefile
config.status:786: creating chap7/ex4/Makefile
config.status:786: creating chap7/ex5/Makefile
config.status:786: creating chap8/Makefile
config.status:786: creating chap10/Makefile
config.status:786: creating chap10/ex1/Makefile
config.status:786: creating chap10/ex2/Makefile
config.status:786: creating chap10/ex3/Makefile
config.status:786: creating chap11/Makefile
config.status:786: creating chap11/ex1/Makefile
config.status:786: creating chap11/ex2/Makefile
config.status:786: creating chap11/ex3/Makefile
config.status:786: creating chap11/ex4/Makefile
config.status:786: creating chap12/Makefile
config.status:786: creating chap12/ex1/Makefile
config.status:786: creating chap12/ex2/Makefile
config.status:786: creating chap12/ex3/Makefile
config.status:786: creating chap13/Makefile
config.status:786: creating chap13/ex1/Makefile
config.status:786: creating chap13/ex2/Makefile
config.status:786: creating chap13/ex3/Makefile
config.status:786: creating chap13/ex4/Makefile
config.status:786: creating chap14/Makefile
config.status:786: creating chap14/ex1/Makefile
config.status:786: creating chap14/ex2/Makefile
config.status:786: creating chap14/ex3/Makefile
config.status:786: creating chap14/ex4/Makefile
config.status:786: creating chap15/Makefile
config.status:786: creating chap15/ex1/Makefile
config.status:786: creating chap15/ex2/Makefile
config.status:786: creating chap15/ex3/Makefile
config.status:786: creating chap16/Makefile
config.status:786: creating chap16/ex1/Makefile
config.status:786: creating chap16/ex2/Makefile
config.status:786: creating chap16/ex3/Makefile
config.status:786: creating chap16/ex4/Makefile
config.status:786: creating solutions/Makefile
config.status:786: creating solutions/chap2/Makefile
config.status:786: creating solutions/chap2/ex2/Makefile
config.status:786: creating solutions/chap3/Makefile
config.status:786: creating solutions/chap3/ex2/Makefile
config.status:786: creating solutions/chap6/Makefile
config.status:786: creating solutions/chap6/ex1/Makefile
config.status:786: creating solutions/chap7/Makefile
config.status:786: creating solutions/chap7/ex4/Makefile
config.status:786: creating solutions/chap7/ex5/Makefile
config.status:786: creating solutions/chap11/Makefile
config.status:786: creating solutions/chap11/ex4/Makefile
config.status:786: creating solutions/chap13/Makefile
config.status:786: creating solutions/chap13/ex2/Makefile
config.status:786: creating solutions/chap14/Makefile
config.status:786: creating solutions/chap14/ex2/Makefile
config.status:786: creating solutions/vs.net/Makefile
config.status:786: creating solutions/vs2005/Makefile
config.status:786: creating attic/Makefile
config.status:786: creating attic/gaigen2hp/Makefile
config.status:786: creating screenshots/Makefile
config.status:786: creating ext_include/Makefile
config.status:786: creating lib_win32/Makefile
config.status:969: executing depfiles commands

## ---------------- ##
## Cache variables. ##
## ---------------- ##

ac_cv_c_compiler_gnu=yes
ac_cv_cxx_compiler_gnu=yes
ac_cv_env_CC_set=
ac_cv_env_CC_value=
ac_cv_env_CFLAGS_set=
ac_cv_env_CFLAGS_value=
ac_cv_env_CPPFLAGS_set=
ac_cv_env_CPPFLAGS_value=
ac_cv_env_CXXFLAGS_set=
ac_cv_env_CXXFLAGS_value=
ac_cv_env_CXX_set=
ac_cv_env_CXX_value=
ac_cv_env_LDFLAGS_set=
ac_cv_env_LDFLAGS_value=
ac_cv_env_build_alias_set=
ac_cv_env_build_alias_value=
ac_cv_env_host_alias_set=
ac_cv_env_host_alias_value=
ac_cv_env_target_alias_set=
ac_cv_env_target_alias_value=
ac_cv_exeext=
ac_cv_file__usr_local_lib_libantlr_a=yes
ac_cv_objext=o
ac_cv_path_install='/usr/bin/install -c'
ac_cv_prog_AWK=gawk
ac_cv_prog_ac_ct_CC=gcc
ac_cv_prog_ac_ct_CXX=g++
ac_cv_prog_ac_ct_RANLIB=ranlib
ac_cv_prog_cc_g=yes
ac_cv_prog_cc_stdc=
ac_cv_prog_cxx_g=yes
ac_cv_prog_make_make_set=yes
am_cv_CC_dependencies_compiler_type=gcc3
am_cv_CXX_dependencies_compiler_type=gcc3

## ----------------- ##
## Output variables. ##
## ----------------- ##

ACLOCAL='${SHELL} /root/gasandbox/ga_sandbox/missing --run aclocal-1.9'
AMDEPBACKSLASH='\'
AMDEP_FALSE='#'
AMDEP_TRUE=''
AMTAR='${SHELL} /root/gasandbox/ga_sandbox/missing --run tar'
ANTLR_LIBS='/usr/local/lib/libantlr.a'
AQSIS_FLTK_CFLAGS='-O2 -g -pipe -Wall -Wp,-D_FORTIFY_SOURCE=2 -fexceptions -fstack-protector --param=ssp-buffer-size=4 -m32 -march=i386 -mtune=generic -fasynchronous-unwind-tables'
AQSIS_FLTK_GL_CFLAGS='-O2 -g -pipe -Wall -Wp,-D_FORTIFY_SOURCE=2 -fexceptions -fstack-protector --param=ssp-buffer-size=4 -m32 -march=i386 -mtune=generic -fasynchronous-unwind-tables'
AQSIS_FLTK_GL_LIBS='-lXft -lXrender -lfontconfig -lfreetype -lX11 -lfltk_gl -lGLU -lGL -lfltk -lXft -lpthread -lm -lXext -lX11'
AQSIS_FLTK_LIBS='-lXft -lXrender -lfontconfig -lfreetype -lX11 -lfltk -lXft -lpthread -lm -lXext -lX11'
AUTOCONF='${SHELL} /root/gasandbox/ga_sandbox/missing --run autoconf'
AUTOHEADER='${SHELL} /root/gasandbox/ga_sandbox/missing --run autoheader'
AUTOMAKE='${SHELL} /root/gasandbox/ga_sandbox/missing --run automake-1.9'
AWK='gawk'
CC='gcc'
CCDEPMODE='depmode=gcc3'
CFLAGS='-g -O2'
CPPFLAGS=''
CXX='g++'
CXXDEPMODE='depmode=gcc3'
CXXFLAGS='-g -O2'
CYGPATH_W='echo'
DEFS='-DPACKAGE_NAME=\"\" -DPACKAGE_TARNAME=\"\" -DPACKAGE_VERSION=\"\" -DPACKAGE_STRING=\"\" -DPACKAGE_BUGREPORT=\"\" -DPACKAGE=\"ga_sandbox\" -DVERSION=\"1.0.4\" '
DEPDIR='.deps'
ECHO_C=''
ECHO_N='-n'
ECHO_T=''
EXEEXT=''
GLUT_LIBS='-lglut'
INSTALL_DATA='${INSTALL} -m 644'
INSTALL_PROGRAM='${INSTALL}'
INSTALL_SCRIPT='${INSTALL}'
INSTALL_STRIP_PROGRAM='${SHELL} $(install_sh) -c -s'
LDFLAGS=''
LIBOBJS=''
LIBS=''
LTLIBOBJS=''
MAKEINFO='${SHELL} /root/gasandbox/ga_sandbox/missing --run makeinfo'
OBJEXT='o'
PACKAGE='ga_sandbox'
PACKAGE_BUGREPORT=''
PACKAGE_NAME=''
PACKAGE_STRING=''
PACKAGE_TARNAME=''
PACKAGE_VERSION=''
PATH_SEPARATOR=':'
RANLIB='ranlib'
SET_MAKE=''
SHELL='/bin/sh'
STRIP=''
VERSION='1.0.4'
ac_ct_CC='gcc'
ac_ct_CXX='g++'
ac_ct_RANLIB='ranlib'
ac_ct_STRIP=''
am__fastdepCC_FALSE='#'
am__fastdepCC_TRUE=''
am__fastdepCXX_FALSE='#'
am__fastdepCXX_TRUE=''
am__include='include'
am__leading_dot='.'
am__quote=''
am__tar='${AMTAR} chof - "$$tardir"'
am__untar='${AMTAR} xf -'
bindir='${exec_prefix}/bin'
build_alias=''
datadir='${prefix}/share'
exec_prefix='${prefix}'
host_alias=''
includedir='${prefix}/include'
infodir='${prefix}/info'
install_sh='/root/gasandbox/ga_sandbox/install-sh'
libdir='${exec_prefix}/lib'
libexecdir='${exec_prefix}/libexec'
localstatedir='${prefix}/var'
mandir='${prefix}/man'
mkdir_p='mkdir -p --'
oldincludedir='/usr/include'
prefix='/usr/local'
program_transform_name='s,x,x,'
sbindir='${exec_prefix}/sbin'
sharedstatedir='${prefix}/com'
sysconfdir='${prefix}/etc'
target_alias=''

## ----------- ##
## confdefs.h. ##
## ----------- ##

#define PACKAGE "ga_sandbox"
#define PACKAGE_BUGREPORT ""
#define PACKAGE_NAME ""
#define PACKAGE_STRING ""
#define PACKAGE_TARNAME ""
#define PACKAGE_VERSION ""
#define VERSION "1.0.4"
#endif
#ifdef __cplusplus
extern "C" void std::exit (int) throw (); using std::exit;

configure: exit 0
